[0m[[0m[0mdebug[0m] [0m[0m> Exec(test, Some(684271de-98c7-41d0-818c-f205d51c2904), Some(CommandSource(console0)))[0m
[0m[[0m[0mdebug[0m] [0m[0mEvaluating tasks: Test / test[0m
[0m[[0m[0mdebug[0m] [0m[0mRunning task... Cancel: Signal, check cycles: false, forcegc: true[0m
[0m[[0m[0minfo[0m] [0m[0mcompiling 6 Scala sources to /home/krystof/Documents/CVUT/OOP/AsciiArt/target/scala-2.13/test-classes ...[0m
[0m[[0m[0minfo[0m] [0m[0m[32mRotateTest:[0m[0m
[0m[[0m[0minfo[0m] [0m[0m[32m- Rotation test.[0m[0m
[0m[[0m[0minfo[0m] [0m[0m[32mTestFlip:[0m[0m
[0m[[0m[0minfo[0m] [0m[0m[32m- Y flip[0m[0m
[0m[[0m[0minfo[0m] [0m[0m[32m- X flip[0m[0m
[0m[[0m[0minfo[0m] [0m[0m[32m- Double flip[0m[0m
[0m[[0m[0minfo[0m] [0m[0m[32mInvertTest:[0m[0m
[0m[[0m[0minfo[0m] [0m[0m[32m- Image is inverted[0m[0m
[0m[[0m[0minfo[0m] [0m[0m[32mFiltersTest:[0m[0m
[0m[[0m[0minfo[0m] [0m[0m[32m- Brightness test.[0m[0m
[0m[[0m[0minfo[0m] [0m[0m[32mGreyscaleTest:[0m[0m
[0m[[0m[0minfo[0m] [0m[0m[32m- Greyscale Saturation test.[0m[0m
[0m[[0m[0minfo[0m] [0m[0m[36mRun completed in 1 second, 271 milliseconds.[0m[0m
[0m[[0m[0minfo[0m] [0m[0m[36mTotal number of tests run: 7[0m[0m
[0m[[0m[0minfo[0m] [0m[0m[36mSuites: completed 5, aborted 0[0m[0m
[0m[[0m[0minfo[0m] [0m[0m[36mTests: succeeded 7, failed 0, canceled 0, ignored 0, pending 0[0m[0m
[0m[[0m[0minfo[0m] [0m[0m[32mAll tests passed.[0m[0m
[0m[[0m[32msuccess[0m] [0m[0mTotal time: 3 s, completed Nov 20, 2023, 10:58:39 AM[0m
[0m[[0m[0mdebug[0m] [0m[0m> Exec(shell, None, None)[0m
