[0m[[0m[0mdebug[0m] [0m[0m> Exec(test, Some(7d4a1ec7-2691-44fd-b363-c9e78c9ccfa6), Some(CommandSource(console0)))[0m
[0m[[0m[0mdebug[0m] [0m[0mEvaluating tasks: Test / test[0m
[0m[[0m[0mdebug[0m] [0m[0mRunning task... Cancel: Signal, check cycles: false, forcegc: true[0m
[0m[[0m[0minfo[0m] [0m[0mcompiling 1 Scala source to /home/krystof/Documents/CVUT/OOP/AsciiArt/target/scala-2.13/classes ...[0m
[0m[[0m[0minfo[0m] [0m[0mcompiling 2 Scala sources to /home/krystof/Documents/CVUT/OOP/AsciiArt/target/scala-2.13/test-classes ...[0m
[0m[[0m[0minfo[0m] [0m[0m[32mFiltersTest:[0m[0m
[0m[[0m[0minfo[0m] [0m[0m[32m- Brightness test.[0m[0m
[0m[[0m[0minfo[0m] [0m[0m[32mGreyscaleTest:[0m[0m
[0m[[0m[0minfo[0m] [0m[0m[32m- Greyscale Saturation test.[0m[0m
[0m[[0m[0minfo[0m] [0m[0m[32mInvertTest:[0m[0m
[0m[[0m[0minfo[0m] [0m[0m[32m- Image is inverted[0m[0m
[0m[[0m[0minfo[0m] [0m[0m[32mNonLinearConverterTest:[0m[0m
[0m[[0m[0minfo[0m] [0m[0m[32m- ascii non-linear[0m[0m
[0m[[0m[0minfo[0m] [0m[0m[32mTestFlip:[0m[0m
[0m[[0m[0minfo[0m] [0m[0m[32m- Y flip[0m[0m
[0m[[0m[0minfo[0m] [0m[0m[32m- X flip[0m[0m
[0m[[0m[0minfo[0m] [0m[0m[32m- Double flip[0m[0m
[0m[[0m[0minfo[0m] [0m[0m[32mLinearConverterTest:[0m[0m
[0m[[0m[0minfo[0m] [0m[0m[32m- ascii linear[0m[0m
[0m[[0m[0minfo[0m] [0m[0m[32mRotateTest:[0m[0m
[0m[[0m[0minfo[0m] [0m[0m[32m- Rotation test.[0m[0m
[0m[[0m[0minfo[0m] [0m[0m[36mRun completed in 1 second, 228 milliseconds.[0m[0m
[0m[[0m[0minfo[0m] [0m[0m[36mTotal number of tests run: 9[0m[0m
[0m[[0m[0minfo[0m] [0m[0m[36mSuites: completed 7, aborted 0[0m[0m
[0m[[0m[0minfo[0m] [0m[0m[36mTests: succeeded 9, failed 0, canceled 0, ignored 0, pending 0[0m[0m
[0m[[0m[0minfo[0m] [0m[0m[32mAll tests passed.[0m[0m
[0m[[0m[32msuccess[0m] [0m[0mTotal time: 5 s, completed Nov 20, 2023, 1:38:01 PM[0m
[0m[[0m[0mdebug[0m] [0m[0m> Exec(shell, None, None)[0m
