[0m[[0m[0mdebug[0m] [0m[0m> Exec(test, Some(69b1bcda-5a43-400f-93ce-755682e202ff), Some(CommandSource(console0)))[0m
[0m[[0m[0mdebug[0m] [0m[0mEvaluating tasks: Test / test[0m
[0m[[0m[0mdebug[0m] [0m[0mRunning task... Cancel: Signal, check cycles: false, forcegc: true[0m
[0m[[0m[0minfo[0m] [0m[0mcompiling 9 Scala sources to /home/krystof/Documents/CVUT/OOP/AsciiArt/target/scala-2.13/classes ...[0m
[0m[[0m[33mwarn[0m] [0m[0m/home/krystof/Documents/CVUT/OOP/AsciiArt/src/main/scala/core/Image.scala:3:37: imported `Image` is permanently hidden by definition of object Image in package core[0m
[0m[[0m[33mwarn[0m] [0m[0mimport java.awt.{Color, Graphics2D, Image}[0m
[0m[[0m[33mwarn[0m] [0m[0m                                    ^[0m
[0m[[0m[33mwarn[0m] [0m[0mone warning found[0m
[0m[[0m[0minfo[0m] [0m[0mcompiling 37 Scala sources to /home/krystof/Documents/CVUT/OOP/AsciiArt/target/scala-2.13/classes ...[0m
[0m[[0m[33mwarn[0m] [0m[0m/home/krystof/Documents/CVUT/OOP/AsciiArt/src/main/scala/core/Image.scala:3:37: imported `Image` is permanently hidden by definition of object Image in package core[0m
[0m[[0m[33mwarn[0m] [0m[0mimport java.awt.{Color, Graphics2D, Image}[0m
[0m[[0m[33mwarn[0m] [0m[0m                                    ^[0m
[0m[[0m[33mwarn[0m] [0m[0mone warning found[0m
[0m[[0m[0minfo[0m] [0m[0mcompiling 15 Scala sources to /home/krystof/Documents/CVUT/OOP/AsciiArt/target/scala-2.13/test-classes ...[0m
[0m[[0m[0minfo[0m] [0m[0m[32mCommandsTest:[0m[0m
[0m[[0m[0minfo[0m] [0m[0m[32m- Commands receiving correct Arguments[0m[0m
[0m[[0m[0minfo[0m] [0m[0m[32m- Commands receiving wrong Arguments[0m[0m
[0m[[0m[0minfo[0m] [0m[0m[32mLinearConverterTest:[0m[0m
[0m[[0m[0minfo[0m] [0m[0m[32m- ascii linear[0m[0m
[0m[[0m[0minfo[0m] [0m[0m[32mImageFileLoaderTest:[0m[0m
[0m[[0m[0minfo[0m] [0m[0m[32m- Loading Image from file[0m[0m
[0m[[0m[0minfo[0m] [0m[0m[32m- Loading Non-Existing Image from file[0m[0m
[0m[[0m[0minfo[0m] [0m[0m[32mNonLinearConverterTest:[0m[0m
[0m[[0m[0minfo[0m] [0m[0m[32m- ascii non-linear[0m[0m
[0m[[0m[0minfo[0m] [0m[0mshutting down sbt server[0m
